2023-08-21 09:13:13.314  INFO 5172 --- [restartedMain] org.example.AdminViewApplication         : Starting AdminViewApplication using Java 14.0.2 on DESKTOP-L8UET0S with PID 5172 (C:\Users\Debanjan\eclipse-workspace\admin-view\target\classes started by Debanjan in C:\Users\Debanjan\eclipse-workspace\admin-view)
2023-08-21 09:13:13.320  INFO 5172 --- [restartedMain] org.example.AdminViewApplication         : No active profile set, falling back to 1 default profile: "default"
2023-08-21 09:13:13.390  INFO 5172 --- [restartedMain] .e.DevToolsPropertyDefaultsPostProcessor : Devtools property defaults active! Set 'spring.devtools.add-properties' to 'false' to disable
2023-08-21 09:13:13.391  INFO 5172 --- [restartedMain] .e.DevToolsPropertyDefaultsPostProcessor : For additional web related logging consider setting the 'logging.level.web' property to 'DEBUG'
2023-08-21 09:13:14.656  INFO 5172 --- [restartedMain] .s.d.r.c.RepositoryConfigurationDelegate : Multiple Spring Data modules found, entering strict repository configuration mode
2023-08-21 09:13:14.659  INFO 5172 --- [restartedMain] .s.d.r.c.RepositoryConfigurationDelegate : Bootstrapping Spring Data JPA repositories in DEFAULT mode.
2023-08-21 09:13:14.860  INFO 5172 --- [restartedMain] .s.d.r.c.RepositoryConfigurationDelegate : Finished Spring Data repository scanning in 192 ms. Found 5 JPA repository interfaces.
2023-08-21 09:13:14.869  INFO 5172 --- [restartedMain] .s.d.r.c.RepositoryConfigurationDelegate : Multiple Spring Data modules found, entering strict repository configuration mode
2023-08-21 09:13:14.870  INFO 5172 --- [restartedMain] .s.d.r.c.RepositoryConfigurationDelegate : Bootstrapping Spring Data MongoDB repositories in DEFAULT mode.
2023-08-21 09:13:14.894  INFO 5172 --- [restartedMain] .RepositoryConfigurationExtensionSupport : Spring Data MongoDB - Could not safely identify store assignment for repository candidate interface org.example.jpaRepo.EmployeeRepository; If you want this repository to be a MongoDB repository, consider annotating your entities with one of these annotations: org.springframework.data.mongodb.core.mapping.Document (preferred), or consider extending one of the following types with your repository: org.springframework.data.mongodb.repository.MongoRepository
2023-08-21 09:13:14.896  INFO 5172 --- [restartedMain] .RepositoryConfigurationExtensionSupport : Spring Data MongoDB - Could not safely identify store assignment for repository candidate interface org.example.jpaRepo.ProjectMemberRepository; If you want this repository to be a MongoDB repository, consider annotating your entities with one of these annotations: org.springframework.data.mongodb.core.mapping.Document (preferred), or consider extending one of the following types with your repository: org.springframework.data.mongodb.repository.MongoRepository
2023-08-21 09:13:14.897  INFO 5172 --- [restartedMain] .RepositoryConfigurationExtensionSupport : Spring Data MongoDB - Could not safely identify store assignment for repository candidate interface org.example.jpaRepo.ProjectRepository; If you want this repository to be a MongoDB repository, consider annotating your entities with one of these annotations: org.springframework.data.mongodb.core.mapping.Document (preferred), or consider extending one of the following types with your repository: org.springframework.data.mongodb.repository.MongoRepository
2023-08-21 09:13:14.898  INFO 5172 --- [restartedMain] .RepositoryConfigurationExtensionSupport : Spring Data MongoDB - Could not safely identify store assignment for repository candidate interface org.example.jpaRepo.SubTaskRepository; If you want this repository to be a MongoDB repository, consider annotating your entities with one of these annotations: org.springframework.data.mongodb.core.mapping.Document (preferred), or consider extending one of the following types with your repository: org.springframework.data.mongodb.repository.MongoRepository
2023-08-21 09:13:14.899  INFO 5172 --- [restartedMain] .RepositoryConfigurationExtensionSupport : Spring Data MongoDB - Could not safely identify store assignment for repository candidate interface org.example.jpaRepo.TaskRepository; If you want this repository to be a MongoDB repository, consider annotating your entities with one of these annotations: org.springframework.data.mongodb.core.mapping.Document (preferred), or consider extending one of the following types with your repository: org.springframework.data.mongodb.repository.MongoRepository
2023-08-21 09:13:14.899  INFO 5172 --- [restartedMain] .s.d.r.c.RepositoryConfigurationDelegate : Finished Spring Data repository scanning in 28 ms. Found 0 MongoDB repository interfaces.
2023-08-21 09:13:15.188  INFO 5172 --- [restartedMain] o.s.cloud.context.scope.GenericScope     : BeanFactory id=ceb2bdaf-3056-3ce4-9181-578081de7b01
2023-08-21 09:13:15.855  INFO 5172 --- [restartedMain] o.s.b.w.embedded.tomcat.TomcatWebServer  : Tomcat initialized with port(s): 0 (http)
2023-08-21 09:13:15.867  INFO 5172 --- [restartedMain] o.apache.catalina.core.StandardService   : Starting service [Tomcat]
2023-08-21 09:13:15.867  INFO 5172 --- [restartedMain] org.apache.catalina.core.StandardEngine  : Starting Servlet engine: [Apache Tomcat/9.0.78]
2023-08-21 09:13:16.001  INFO 5172 --- [restartedMain] o.a.c.c.C.[Tomcat].[localhost].[/]       : Initializing Spring embedded WebApplicationContext
2023-08-21 09:13:16.001  INFO 5172 --- [restartedMain] w.s.c.ServletWebServerApplicationContext : Root WebApplicationContext: initialization completed in 2609 ms
2023-08-21 09:13:16.326  INFO 5172 --- [restartedMain] o.hibernate.jpa.internal.util.LogHelper  : HHH000204: Processing PersistenceUnitInfo [name: default]
2023-08-21 09:13:16.400  INFO 5172 --- [restartedMain] org.hibernate.Version                    : HHH000412: Hibernate ORM core version 5.6.15.Final
2023-08-21 09:13:16.605  INFO 5172 --- [restartedMain] o.hibernate.annotations.common.Version   : HCANN000001: Hibernate Commons Annotations {5.1.2.Final}
2023-08-21 09:13:16.761  INFO 5172 --- [restartedMain] com.zaxxer.hikari.HikariDataSource       : HikariPool-1 - Starting...
2023-08-21 09:13:17.616  INFO 5172 --- [restartedMain] com.zaxxer.hikari.HikariDataSource       : HikariPool-1 - Start completed.
2023-08-21 09:13:17.651  INFO 5172 --- [restartedMain] org.hibernate.dialect.Dialect            : HHH000400: Using dialect: org.hibernate.dialect.MySQL8Dialect
2023-08-21 09:13:19.648  INFO 5172 --- [restartedMain] o.h.e.t.j.p.i.JtaPlatformInitiator       : HHH000490: Using JtaPlatform implementation: [org.hibernate.engine.transaction.jta.platform.internal.NoJtaPlatform]
2023-08-21 09:13:19.659  INFO 5172 --- [restartedMain] j.LocalContainerEntityManagerFactoryBean : Initialized JPA EntityManagerFactory for persistence unit 'default'
2023-08-21 09:13:20.823  INFO 5172 --- [restartedMain] org.mongodb.driver.client                : MongoClient with metadata {"driver": {"name": "mongo-java-driver|sync|spring-boot", "version": "4.6.1"}, "os": {"type": "Windows", "name": "Windows 10", "architecture": "amd64", "version": "10.0"}, "platform": "Java/Oracle Corporation/14.0.2+12-46"} created with settings MongoClientSettings{readPreference=primary, writeConcern=WriteConcern{w=null, wTimeout=null ms, journal=null}, retryWrites=true, retryReads=true, readConcern=ReadConcern{level=null}, credential=null, streamFactoryFactory=null, commandListeners=[io.micrometer.core.instrument.binder.mongodb.MongoMetricsCommandListener@29406fd4], codecRegistry=ProvidersCodecRegistry{codecProviders=[ValueCodecProvider{}, BsonValueCodecProvider{}, DBRefCodecProvider{}, DBObjectCodecProvider{}, DocumentCodecProvider{}, IterableCodecProvider{}, MapCodecProvider{}, GeoJsonCodecProvider{}, GridFSFileCodecProvider{}, Jsr310CodecProvider{}, JsonObjectCodecProvider{}, BsonCodecProvider{}, EnumCodecProvider{}, com.mongodb.Jep395RecordCodecProvider@5f0a8d18]}, clusterSettings={hosts=[localhost:27017], srvServiceName=mongodb, mode=SINGLE, requiredClusterType=UNKNOWN, requiredReplicaSetName='null', serverSelector='null', clusterListeners='[]', serverSelectionTimeout='30000 ms', localThreshold='30000 ms'}, socketSettings=SocketSettings{connectTimeoutMS=10000, readTimeoutMS=0, receiveBufferSize=0, sendBufferSize=0}, heartbeatSocketSettings=SocketSettings{connectTimeoutMS=10000, readTimeoutMS=10000, receiveBufferSize=0, sendBufferSize=0}, connectionPoolSettings=ConnectionPoolSettings{maxSize=100, minSize=0, maxWaitTimeMS=120000, maxConnectionLifeTimeMS=0, maxConnectionIdleTimeMS=0, maintenanceInitialDelayMS=0, maintenanceFrequencyMS=60000, connectionPoolListeners=[io.micrometer.core.instrument.binder.mongodb.MongoMetricsConnectionPoolListener@1a7ab5fc], maxConnecting=2}, serverSettings=ServerSettings{heartbeatFrequencyMS=10000, minHeartbeatFrequencyMS=500, serverListeners='[]', serverMonitorListeners='[]'}, sslSettings=SslSettings{enabled=false, invalidHostNameAllowed=false, context=null}, applicationName='null', compressorList=[], uuidRepresentation=JAVA_LEGACY, serverApi=null, autoEncryptionSettings=null, contextProvider=null}
2023-08-21 09:13:20.893  WARN 5172 --- [restartedMain] o.s.data.convert.CustomConversions       : Registering converter from class java.time.LocalDateTime to class org.joda.time.LocalDateTime as reading converter although it doesn't convert from a store-supported type; You might want to check your annotation setup at the converter implementation
2023-08-21 09:13:20.914  WARN 5172 --- [restartedMain] o.s.data.convert.CustomConversions       : Registering converter from class java.time.LocalDateTime to class org.joda.time.LocalDateTime as reading converter although it doesn't convert from a store-supported type; You might want to check your annotation setup at the converter implementation
2023-08-21 09:13:21.206  INFO 5172 --- [cluster-rtt-ClusterId{value='64e2dd586e10b253470cc9a9', description='null'}-localhost:27017] org.mongodb.driver.connection            : Opened connection [connectionId{localValue:2, serverValue:77}] to localhost:27017
2023-08-21 09:13:21.206  INFO 5172 --- [cluster-ClusterId{value='64e2dd586e10b253470cc9a9', description='null'}-localhost:27017] org.mongodb.driver.connection            : Opened connection [connectionId{localValue:1, serverValue:76}] to localhost:27017
2023-08-21 09:13:21.208  INFO 5172 --- [cluster-ClusterId{value='64e2dd586e10b253470cc9a9', description='null'}-localhost:27017] org.mongodb.driver.cluster               : Monitor thread successfully connected to server with description ServerDescription{address=localhost:27017, type=STANDALONE, state=CONNECTED, ok=true, minWireVersion=0, maxWireVersion=17, maxDocumentSize=16777216, logicalSessionTimeoutMinutes=30, roundTripTimeNanos=390979500}
2023-08-21 09:13:21.760  WARN 5172 --- [restartedMain] o.s.b.d.a.OptionalLiveReloadServer       : Unable to start LiveReload server
2023-08-21 09:13:21.943  INFO 5172 --- [restartedMain] DiscoveryClientOptionalArgsConfiguration : Eureka HTTP Client uses RestTemplate.
2023-08-21 09:13:22.011  WARN 5172 --- [restartedMain] iguration$LoadBalancerCaffeineWarnLogger : Spring Cloud LoadBalancer is currently working with the default cache. While this cache implementation is useful for development and tests, it's recommended to use Caffeine cache in production.You can switch to using Caffeine cache, by adding it and org.springframework.cache.caffeine.CaffeineCacheManager to the classpath.
2023-08-21 09:13:22.017  INFO 5172 --- [restartedMain] o.s.b.a.e.web.EndpointLinksResolver      : Exposing 17 endpoint(s) beneath base path '/actuator'
2023-08-21 09:13:22.128  INFO 5172 --- [restartedMain] o.s.b.w.embedded.tomcat.TomcatWebServer  : Tomcat started on port(s): 56024 (http) with context path ''
2023-08-21 09:13:22.131  INFO 5172 --- [restartedMain] .s.c.n.e.s.EurekaAutoServiceRegistration : Updating port to 56024
2023-08-21 09:13:22.136  INFO 5172 --- [restartedMain] o.s.c.n.eureka.InstanceInfoFactory       : Setting initial instance status as: STARTING
2023-08-21 09:13:22.185  INFO 5172 --- [restartedMain] com.netflix.discovery.DiscoveryClient    : Initializing Eureka in region us-east-1
2023-08-21 09:13:22.192  INFO 5172 --- [restartedMain] c.n.d.s.r.aws.ConfigClusterResolver      : Resolving eureka endpoints via configuration
2023-08-21 09:13:22.221  INFO 5172 --- [restartedMain] com.netflix.discovery.DiscoveryClient    : Disable delta property : false
2023-08-21 09:13:22.221  INFO 5172 --- [restartedMain] com.netflix.discovery.DiscoveryClient    : Single vip registry refresh property : null
2023-08-21 09:13:22.222  INFO 5172 --- [restartedMain] com.netflix.discovery.DiscoveryClient    : Force full registry fetch : false
2023-08-21 09:13:22.222  INFO 5172 --- [restartedMain] com.netflix.discovery.DiscoveryClient    : Application is null : false
2023-08-21 09:13:22.222  INFO 5172 --- [restartedMain] com.netflix.discovery.DiscoveryClient    : Registered Applications size is zero : true
2023-08-21 09:13:22.222  INFO 5172 --- [restartedMain] com.netflix.discovery.DiscoveryClient    : Application version is -1: true
2023-08-21 09:13:22.222  INFO 5172 --- [restartedMain] com.netflix.discovery.DiscoveryClient    : Getting all instance registry info from the eureka server
2023-08-21 09:13:22.434  INFO 5172 --- [restartedMain] com.netflix.discovery.DiscoveryClient    : The response status is 200
2023-08-21 09:13:22.437  INFO 5172 --- [restartedMain] com.netflix.discovery.DiscoveryClient    : Starting heartbeat executor: renew interval is: 30
2023-08-21 09:13:22.440  INFO 5172 --- [restartedMain] c.n.discovery.InstanceInfoReplicator     : InstanceInfoReplicator onDemand update allowed rate per min is 4
2023-08-21 09:13:22.448  INFO 5172 --- [restartedMain] com.netflix.discovery.DiscoveryClient    : Discovery Client initialized at timestamp 1692589402446 with initial instances count: 0
2023-08-21 09:13:22.451  INFO 5172 --- [restartedMain] o.s.c.n.e.s.EurekaServiceRegistry        : Registering application ADMIN-SERVICE with eureka with status UP
2023-08-21 09:13:22.451  INFO 5172 --- [restartedMain] com.netflix.discovery.DiscoveryClient    : Saw local status change event StatusChangeEvent [timestamp=1692589402451, current=UP, previous=STARTING]
2023-08-21 09:13:22.455  INFO 5172 --- [DiscoveryClient-InstanceInfoReplicator-0] com.netflix.discovery.DiscoveryClient    : DiscoveryClient_ADMIN-SERVICE/admin-service:eb2d79ebf1c7bf3c642edf272a0803fc: registering service...
2023-08-21 09:13:22.503  INFO 5172 --- [DiscoveryClient-InstanceInfoReplicator-0] com.netflix.discovery.DiscoveryClient    : DiscoveryClient_ADMIN-SERVICE/admin-service:eb2d79ebf1c7bf3c642edf272a0803fc - registration status: 204
2023-08-21 09:13:22.690  INFO 5172 --- [restartedMain] org.example.AdminViewApplication         : Started AdminViewApplication in 10.1 seconds (JVM running for 10.966)
2023-08-21 09:13:22.724  INFO 5172 --- [registrationTask1] d.c.b.a.c.r.ApplicationRegistrator       : Application registered itself as 8cee645984b0
2023-08-21 09:13:22.792  INFO 5172 --- [http-nio-auto-1-exec-1] o.a.c.c.C.[Tomcat].[localhost].[/]       : Initializing Spring DispatcherServlet 'dispatcherServlet'
2023-08-21 09:13:22.792  INFO 5172 --- [http-nio-auto-1-exec-1] o.s.web.servlet.DispatcherServlet        : Initializing Servlet 'dispatcherServlet'
2023-08-21 09:13:22.794  INFO 5172 --- [http-nio-auto-1-exec-1] o.s.web.servlet.DispatcherServlet        : Completed initialization in 2 ms
2023-08-21 09:13:22.923  INFO 5172 --- [http-nio-auto-1-exec-1] org.mongodb.driver.connection            : Opened connection [connectionId{localValue:3, serverValue:78}] to localhost:27017
2023-08-21 09:13:52.440  INFO 5172 --- [DiscoveryClient-CacheRefreshExecutor-0] com.netflix.discovery.DiscoveryClient    : Disable delta property : false
2023-08-21 09:13:52.440  INFO 5172 --- [DiscoveryClient-CacheRefreshExecutor-0] com.netflix.discovery.DiscoveryClient    : Single vip registry refresh property : null
2023-08-21 09:13:52.440  INFO 5172 --- [DiscoveryClient-CacheRefreshExecutor-0] com.netflix.discovery.DiscoveryClient    : Force full registry fetch : false
2023-08-21 09:13:52.440  INFO 5172 --- [DiscoveryClient-CacheRefreshExecutor-0] com.netflix.discovery.DiscoveryClient    : Application is null : false
2023-08-21 09:13:52.440  INFO 5172 --- [DiscoveryClient-CacheRefreshExecutor-0] com.netflix.discovery.DiscoveryClient    : Registered Applications size is zero : true
2023-08-21 09:13:52.441  INFO 5172 --- [DiscoveryClient-CacheRefreshExecutor-0] com.netflix.discovery.DiscoveryClient    : Application version is -1: false
2023-08-21 09:13:52.441  INFO 5172 --- [DiscoveryClient-CacheRefreshExecutor-0] com.netflix.discovery.DiscoveryClient    : Getting all instance registry info from the eureka server
2023-08-21 09:13:52.451  INFO 5172 --- [DiscoveryClient-CacheRefreshExecutor-0] com.netflix.discovery.DiscoveryClient    : The response status is 200
2023-08-21 09:15:03.125  WARN 5172 --- [http-nio-auto-1-exec-6] .w.s.m.s.DefaultHandlerExceptionResolver : Resolved [org.springframework.web.method.annotation.MethodArgumentTypeMismatchException: Failed to convert value of type 'java.lang.String' to required type 'java.lang.Long'; nested exception is java.lang.NumberFormatException: For input string: "null"]
2023-08-21 09:15:10.859  WARN 5172 --- [http-nio-auto-1-exec-7] .w.s.m.s.DefaultHandlerExceptionResolver : Resolved [org.springframework.web.method.annotation.MethodArgumentTypeMismatchException: Failed to convert value of type 'java.lang.String' to required type 'java.lang.Long'; nested exception is java.lang.NumberFormatException: For input string: "null"]
2023-08-21 09:15:58.294  WARN 5172 --- [http-nio-auto-1-exec-2] .w.s.m.s.DefaultHandlerExceptionResolver : Resolved [org.springframework.web.method.annotation.MethodArgumentTypeMismatchException: Failed to convert value of type 'java.lang.String' to required type 'java.lang.Long'; nested exception is java.lang.NumberFormatException: For input string: "null"]
2023-08-21 09:18:22.300  INFO 5172 --- [AsyncResolver-bootstrap-executor-0] c.n.d.s.r.aws.ConfigClusterResolver      : Resolving eureka endpoints via configuration
2023-08-21 09:23:22.312  INFO 5172 --- [AsyncResolver-bootstrap-executor-0] c.n.d.s.r.aws.ConfigClusterResolver      : Resolving eureka endpoints via configuration
2023-08-21 09:28:22.328  INFO 5172 --- [AsyncResolver-bootstrap-executor-0] c.n.d.s.r.aws.ConfigClusterResolver      : Resolving eureka endpoints via configuration
2023-08-21 09:33:22.335  INFO 5172 --- [AsyncResolver-bootstrap-executor-0] c.n.d.s.r.aws.ConfigClusterResolver      : Resolving eureka endpoints via configuration
2023-08-21 09:38:22.340  INFO 5172 --- [AsyncResolver-bootstrap-executor-0] c.n.d.s.r.aws.ConfigClusterResolver      : Resolving eureka endpoints via configuration
2023-08-21 09:43:22.350  INFO 5172 --- [AsyncResolver-bootstrap-executor-0] c.n.d.s.r.aws.ConfigClusterResolver      : Resolving eureka endpoints via configuration
2023-08-21 09:48:22.360  INFO 5172 --- [AsyncResolver-bootstrap-executor-0] c.n.d.s.r.aws.ConfigClusterResolver      : Resolving eureka endpoints via configuration
2023-08-21 09:53:22.367  INFO 5172 --- [AsyncResolver-bootstrap-executor-0] c.n.d.s.r.aws.ConfigClusterResolver      : Resolving eureka endpoints via configuration
2023-08-21 09:58:22.376  INFO 5172 --- [AsyncResolver-bootstrap-executor-0] c.n.d.s.r.aws.ConfigClusterResolver      : Resolving eureka endpoints via configuration
2023-08-21 10:03:22.381  INFO 5172 --- [AsyncResolver-bootstrap-executor-0] c.n.d.s.r.aws.ConfigClusterResolver      : Resolving eureka endpoints via configuration
2023-08-21 10:08:22.404  INFO 5172 --- [AsyncResolver-bootstrap-executor-0] c.n.d.s.r.aws.ConfigClusterResolver      : Resolving eureka endpoints via configuration
2023-08-21 10:13:22.414  INFO 5172 --- [AsyncResolver-bootstrap-executor-0] c.n.d.s.r.aws.ConfigClusterResolver      : Resolving eureka endpoints via configuration
2023-08-21 10:18:22.425  INFO 5172 --- [AsyncResolver-bootstrap-executor-0] c.n.d.s.r.aws.ConfigClusterResolver      : Resolving eureka endpoints via configuration
2023-08-21 10:23:22.439  INFO 5172 --- [AsyncResolver-bootstrap-executor-0] c.n.d.s.r.aws.ConfigClusterResolver      : Resolving eureka endpoints via configuration
2023-08-21 10:28:22.446  INFO 5172 --- [AsyncResolver-bootstrap-executor-0] c.n.d.s.r.aws.ConfigClusterResolver      : Resolving eureka endpoints via configuration
2023-08-21 10:33:22.463  INFO 5172 --- [AsyncResolver-bootstrap-executor-0] c.n.d.s.r.aws.ConfigClusterResolver      : Resolving eureka endpoints via configuration
2023-08-21 10:38:22.476  INFO 5172 --- [AsyncResolver-bootstrap-executor-0] c.n.d.s.r.aws.ConfigClusterResolver      : Resolving eureka endpoints via configuration
2023-08-21 10:43:22.481  INFO 5172 --- [AsyncResolver-bootstrap-executor-0] c.n.d.s.r.aws.ConfigClusterResolver      : Resolving eureka endpoints via configuration
2023-08-21 10:48:22.484  INFO 5172 --- [AsyncResolver-bootstrap-executor-0] c.n.d.s.r.aws.ConfigClusterResolver      : Resolving eureka endpoints via configuration
2023-08-21 10:53:22.493  INFO 5172 --- [AsyncResolver-bootstrap-executor-0] c.n.d.s.r.aws.ConfigClusterResolver      : Resolving eureka endpoints via configuration
2023-08-21 10:58:22.495  INFO 5172 --- [AsyncResolver-bootstrap-executor-0] c.n.d.s.r.aws.ConfigClusterResolver      : Resolving eureka endpoints via configuration
2023-08-21 10:58:23.225  INFO 5172 --- [File Watcher] rtingClassPathChangeChangedEventListener : Restarting due to 2 class path changes (0 additions, 0 deletions, 2 modifications)
2023-08-21 10:58:24.902  INFO 5172 --- [Thread-1] o.s.c.n.e.s.EurekaServiceRegistry        : Unregistering application ADMIN-SERVICE with eureka with status DOWN
2023-08-21 10:58:24.992  INFO 5172 --- [Thread-1] com.netflix.discovery.DiscoveryClient    : Saw local status change event StatusChangeEvent [timestamp=1692595704992, current=DOWN, previous=UP]
2023-08-21 10:58:24.993  INFO 5172 --- [DiscoveryClient-InstanceInfoReplicator-0] com.netflix.discovery.DiscoveryClient    : DiscoveryClient_ADMIN-SERVICE/admin-service:eb2d79ebf1c7bf3c642edf272a0803fc: registering service...
2023-08-21 10:58:28.610  INFO 5172 --- [DiscoveryClient-HeartbeatExecutor-0] com.netflix.discovery.DiscoveryClient    : DiscoveryClient_ADMIN-SERVICE/admin-service:eb2d79ebf1c7bf3c642edf272a0803fc - Re-registering apps/ADMIN-SERVICE
2023-08-21 10:58:28.644  INFO 5172 --- [DiscoveryClient-HeartbeatExecutor-0] com.netflix.discovery.DiscoveryClient    : DiscoveryClient_ADMIN-SERVICE/admin-service:eb2d79ebf1c7bf3c642edf272a0803fc: registering service...
2023-08-21 10:58:29.297  INFO 5172 --- [DiscoveryClient-HeartbeatExecutor-0] com.netflix.discovery.DiscoveryClient    : DiscoveryClient_ADMIN-SERVICE/admin-service:eb2d79ebf1c7bf3c642edf272a0803fc - registration status: 204
2023-08-21 10:58:29.312  INFO 5172 --- [DiscoveryClient-InstanceInfoReplicator-0] com.netflix.discovery.DiscoveryClient    : DiscoveryClient_ADMIN-SERVICE/admin-service:eb2d79ebf1c7bf3c642edf272a0803fc - registration status: 204
2023-08-21 10:58:30.516  INFO 5172 --- [Thread-1] o.apache.catalina.core.StandardService   : Stopping service [Tomcat]
2023-08-21 10:58:31.379  INFO 5172 --- [Thread-1] o.a.c.c.C.[Tomcat].[localhost].[/]       : Destroying Spring FrameworkServlet 'dispatcherServlet'
2023-08-21 10:58:34.511  INFO 5172 --- [Thread-1] j.LocalContainerEntityManagerFactoryBean : Closing JPA EntityManagerFactory for persistence unit 'default'
2023-08-21 10:58:35.603  INFO 5172 --- [Thread-1] com.zaxxer.hikari.HikariDataSource       : HikariPool-1 - Shutdown initiated...
2023-08-21 10:58:36.196  INFO 5172 --- [Thread-1] com.zaxxer.hikari.HikariDataSource       : HikariPool-1 - Shutdown completed.
2023-08-21 10:58:36.401  INFO 5172 --- [Thread-1] com.netflix.discovery.DiscoveryClient    : Shutting down DiscoveryClient ...
2023-08-21 10:58:39.535  INFO 5172 --- [Thread-1] com.netflix.discovery.DiscoveryClient    : Unregistering ...
2023-08-21 10:58:44.460  INFO 5172 --- [Thread-1] com.netflix.discovery.DiscoveryClient    : DiscoveryClient_ADMIN-SERVICE/admin-service:eb2d79ebf1c7bf3c642edf272a0803fc - deregister  status: 200
2023-08-21 10:58:44.788  INFO 5172 --- [Thread-1] com.netflix.discovery.DiscoveryClient    : Completed shut down of DiscoveryClient
2023-08-21 10:59:08.143  INFO 5172 --- [restartedMain] org.example.AdminViewApplication         : Starting AdminViewApplication using Java 14.0.2 on DESKTOP-L8UET0S with PID 5172 (C:\Users\Debanjan\eclipse-workspace\admin-view\target\classes started by Debanjan in C:\Users\Debanjan\eclipse-workspace\admin-view)
2023-08-21 10:59:08.144  INFO 5172 --- [restartedMain] org.example.AdminViewApplication         : No active profile set, falling back to 1 default profile: "default"
2023-08-21 10:59:09.330  INFO 5172 --- [restartedMain] .s.d.r.c.RepositoryConfigurationDelegate : Multiple Spring Data modules found, entering strict repository configuration mode
2023-08-21 10:59:09.331  INFO 5172 --- [restartedMain] .s.d.r.c.RepositoryConfigurationDelegate : Bootstrapping Spring Data JPA repositories in DEFAULT mode.
2023-08-21 10:59:09.357  INFO 5172 --- [restartedMain] .s.d.r.c.RepositoryConfigurationDelegate : Finished Spring Data repository scanning in 26 ms. Found 5 JPA repository interfaces.
2023-08-21 10:59:09.359  INFO 5172 --- [restartedMain] .s.d.r.c.RepositoryConfigurationDelegate : Multiple Spring Data modules found, entering strict repository configuration mode
2023-08-21 10:59:09.359  INFO 5172 --- [restartedMain] .s.d.r.c.RepositoryConfigurationDelegate : Bootstrapping Spring Data MongoDB repositories in DEFAULT mode.
2023-08-21 10:59:09.363  INFO 5172 --- [restartedMain] .RepositoryConfigurationExtensionSupport : Spring Data MongoDB - Could not safely identify store assignment for repository candidate interface org.example.jpaRepo.EmployeeRepository; If you want this repository to be a MongoDB repository, consider annotating your entities with one of these annotations: org.springframework.data.mongodb.core.mapping.Document (preferred), or consider extending one of the following types with your repository: org.springframework.data.mongodb.repository.MongoRepository
2023-08-21 10:59:09.364  INFO 5172 --- [restartedMain] .RepositoryConfigurationExtensionSupport : Spring Data MongoDB - Could not safely identify store assignment for repository candidate interface org.example.jpaRepo.ProjectMemberRepository; If you want this repository to be a MongoDB repository, consider annotating your entities with one of these annotations: org.springframework.data.mongodb.core.mapping.Document (preferred), or consider extending one of the following types with your repository: org.springframework.data.mongodb.repository.MongoRepository
2023-08-21 10:59:09.364  INFO 5172 --- [restartedMain] .RepositoryConfigurationExtensionSupport : Spring Data MongoDB - Could not safely identify store assignment for repository candidate interface org.example.jpaRepo.ProjectRepository; If you want this repository to be a MongoDB repository, consider annotating your entities with one of these annotations: org.springframework.data.mongodb.core.mapping.Document (preferred), or consider extending one of the following types with your repository: org.springframework.data.mongodb.repository.MongoRepository
2023-08-21 10:59:09.364  INFO 5172 --- [restartedMain] .RepositoryConfigurationExtensionSupport : Spring Data MongoDB - Could not safely identify store assignment for repository candidate interface org.example.jpaRepo.SubTaskRepository; If you want this repository to be a MongoDB repository, consider annotating your entities with one of these annotations: org.springframework.data.mongodb.core.mapping.Document (preferred), or consider extending one of the following types with your repository: org.springframework.data.mongodb.repository.MongoRepository
2023-08-21 10:59:09.365  INFO 5172 --- [restartedMain] .RepositoryConfigurationExtensionSupport : Spring Data MongoDB - Could not safely identify store assignment for repository candidate interface org.example.jpaRepo.TaskRepository; If you want this repository to be a MongoDB repository, consider annotating your entities with one of these annotations: org.springframework.data.mongodb.core.mapping.Document (preferred), or consider extending one of the following types with your repository: org.springframework.data.mongodb.repository.MongoRepository
2023-08-21 10:59:09.365  INFO 5172 --- [restartedMain] .s.d.r.c.RepositoryConfigurationDelegate : Finished Spring Data repository scanning in 5 ms. Found 0 MongoDB repository interfaces.
2023-08-21 10:59:09.523  INFO 5172 --- [restartedMain] o.s.cloud.context.scope.GenericScope     : BeanFactory id=ceb2bdaf-3056-3ce4-9181-578081de7b01
2023-08-21 10:59:09.768  INFO 5172 --- [restartedMain] o.s.b.w.embedded.tomcat.TomcatWebServer  : Tomcat initialized with port(s): 0 (http)
2023-08-21 10:59:09.770  INFO 5172 --- [restartedMain] o.apache.catalina.core.StandardService   : Starting service [Tomcat]
2023-08-21 10:59:09.770  INFO 5172 --- [restartedMain] org.apache.catalina.core.StandardEngine  : Starting Servlet engine: [Apache Tomcat/9.0.78]
2023-08-21 10:59:09.940  INFO 5172 --- [restartedMain] o.a.c.c.C.[Tomcat].[localhost].[/]       : Initializing Spring embedded WebApplicationContext
2023-08-21 10:59:09.940  INFO 5172 --- [restartedMain] w.s.c.ServletWebServerApplicationContext : Root WebApplicationContext: initialization completed in 1792 ms
2023-08-21 10:59:10.285  INFO 5172 --- [restartedMain] o.hibernate.jpa.internal.util.LogHelper  : HHH000204: Processing PersistenceUnitInfo [name: default]
2023-08-21 10:59:10.293  INFO 5172 --- [restartedMain] com.zaxxer.hikari.HikariDataSource       : HikariPool-2 - Starting...
2023-08-21 10:59:10.658  INFO 5172 --- [restartedMain] com.zaxxer.hikari.HikariDataSource       : HikariPool-2 - Start completed.
2023-08-21 10:59:10.659  INFO 5172 --- [restartedMain] org.hibernate.dialect.Dialect            : HHH000400: Using dialect: org.hibernate.dialect.MySQL8Dialect
2023-08-21 10:59:12.087  INFO 5172 --- [restartedMain] o.h.e.t.j.p.i.JtaPlatformInitiator       : HHH000490: Using JtaPlatform implementation: [org.hibernate.engine.transaction.jta.platform.internal.NoJtaPlatform]
2023-08-21 10:59:12.088  INFO 5172 --- [restartedMain] j.LocalContainerEntityManagerFactoryBean : Initialized JPA EntityManagerFactory for persistence unit 'default'
2023-08-21 10:59:12.868  INFO 5172 --- [restartedMain] org.mongodb.driver.client                : MongoClient with metadata {"driver": {"name": "mongo-java-driver|sync|spring-boot", "version": "4.6.1"}, "os": {"type": "Windows", "name": "Windows 10", "architecture": "amd64", "version": "10.0"}, "platform": "Java/Oracle Corporation/14.0.2+12-46"} created with settings MongoClientSettings{readPreference=primary, writeConcern=WriteConcern{w=null, wTimeout=null ms, journal=null}, retryWrites=true, retryReads=true, readConcern=ReadConcern{level=null}, credential=null, streamFactoryFactory=null, commandListeners=[io.micrometer.core.instrument.binder.mongodb.MongoMetricsCommandListener@49494dfc], codecRegistry=ProvidersCodecRegistry{codecProviders=[ValueCodecProvider{}, BsonValueCodecProvider{}, DBRefCodecProvider{}, DBObjectCodecProvider{}, DocumentCodecProvider{}, IterableCodecProvider{}, MapCodecProvider{}, GeoJsonCodecProvider{}, GridFSFileCodecProvider{}, Jsr310CodecProvider{}, JsonObjectCodecProvider{}, BsonCodecProvider{}, EnumCodecProvider{}, com.mongodb.Jep395RecordCodecProvider@5f0a8d18]}, clusterSettings={hosts=[localhost:27017], srvServiceName=mongodb, mode=SINGLE, requiredClusterType=UNKNOWN, requiredReplicaSetName='null', serverSelector='null', clusterListeners='[]', serverSelectionTimeout='30000 ms', localThreshold='30000 ms'}, socketSettings=SocketSettings{connectTimeoutMS=10000, readTimeoutMS=0, receiveBufferSize=0, sendBufferSize=0}, heartbeatSocketSettings=SocketSettings{connectTimeoutMS=10000, readTimeoutMS=10000, receiveBufferSize=0, sendBufferSize=0}, connectionPoolSettings=ConnectionPoolSettings{maxSize=100, minSize=0, maxWaitTimeMS=120000, maxConnectionLifeTimeMS=0, maxConnectionIdleTimeMS=0, maintenanceInitialDelayMS=0, maintenanceFrequencyMS=60000, connectionPoolListeners=[io.micrometer.core.instrument.binder.mongodb.MongoMetricsConnectionPoolListener@3b2dbe9a], maxConnecting=2}, serverSettings=ServerSettings{heartbeatFrequencyMS=10000, minHeartbeatFrequencyMS=500, serverListeners='[]', serverMonitorListeners='[]'}, sslSettings=SslSettings{enabled=false, invalidHostNameAllowed=false, context=null}, applicationName='null', compressorList=[], uuidRepresentation=JAVA_LEGACY, serverApi=null, autoEncryptionSettings=null, contextProvider=null}
2023-08-21 10:59:12.912  WARN 5172 --- [restartedMain] o.s.data.convert.CustomConversions       : Registering converter from class java.time.LocalDateTime to class org.joda.time.LocalDateTime as reading converter although it doesn't convert from a store-supported type; You might want to check your annotation setup at the converter implementation
2023-08-21 10:59:12.946  WARN 5172 --- [restartedMain] o.s.data.convert.CustomConversions       : Registering converter from class java.time.LocalDateTime to class org.joda.time.LocalDateTime as reading converter although it doesn't convert from a store-supported type; You might want to check your annotation setup at the converter implementation
2023-08-21 10:59:13.527  INFO 5172 --- [cluster-rtt-ClusterId{value='64e2f6286e10b253470cc9aa', description='null'}-localhost:27017] org.mongodb.driver.connection            : Opened connection [connectionId{localValue:5, serverValue:83}] to localhost:27017
2023-08-21 10:59:13.527  INFO 5172 --- [cluster-ClusterId{value='64e2f6286e10b253470cc9aa', description='null'}-localhost:27017] org.mongodb.driver.connection            : Opened connection [connectionId{localValue:4, serverValue:82}] to localhost:27017
2023-08-21 10:59:13.529  INFO 5172 --- [cluster-ClusterId{value='64e2f6286e10b253470cc9aa', description='null'}-localhost:27017] org.mongodb.driver.cluster               : Monitor thread successfully connected to server with description ServerDescription{address=localhost:27017, type=STANDALONE, state=CONNECTED, ok=true, minWireVersion=0, maxWireVersion=17, maxDocumentSize=16777216, logicalSessionTimeoutMinutes=30, roundTripTimeNanos=657824301}
2023-08-21 10:59:13.957  WARN 5172 --- [restartedMain] o.s.b.d.a.OptionalLiveReloadServer       : Unable to start LiveReload server
2023-08-21 10:59:14.118  INFO 5172 --- [restartedMain] DiscoveryClientOptionalArgsConfiguration : Eureka HTTP Client uses RestTemplate.
2023-08-21 10:59:14.145  WARN 5172 --- [restartedMain] iguration$LoadBalancerCaffeineWarnLogger : Spring Cloud LoadBalancer is currently working with the default cache. While this cache implementation is useful for development and tests, it's recommended to use Caffeine cache in production.You can switch to using Caffeine cache, by adding it and org.springframework.cache.caffeine.CaffeineCacheManager to the classpath.
2023-08-21 10:59:14.151  INFO 5172 --- [restartedMain] o.s.b.a.e.web.EndpointLinksResolver      : Exposing 17 endpoint(s) beneath base path '/actuator'
2023-08-21 10:59:14.191  INFO 5172 --- [restartedMain] o.s.b.w.embedded.tomcat.TomcatWebServer  : Tomcat started on port(s): 63189 (http) with context path ''
2023-08-21 10:59:14.192  INFO 5172 --- [restartedMain] .s.c.n.e.s.EurekaAutoServiceRegistration : Updating port to 63189
2023-08-21 10:59:14.192  INFO 5172 --- [restartedMain] o.s.c.n.eureka.InstanceInfoFactory       : Setting initial instance status as: STARTING
2023-08-21 10:59:14.196  INFO 5172 --- [restartedMain] com.netflix.discovery.DiscoveryClient    : Initializing Eureka in region us-east-1
2023-08-21 10:59:14.197  INFO 5172 --- [restartedMain] c.n.d.s.r.aws.ConfigClusterResolver      : Resolving eureka endpoints via configuration
2023-08-21 10:59:14.209  INFO 5172 --- [restartedMain] com.netflix.discovery.DiscoveryClient    : Disable delta property : false
2023-08-21 10:59:14.209  INFO 5172 --- [restartedMain] com.netflix.discovery.DiscoveryClient    : Single vip registry refresh property : null
2023-08-21 10:59:14.209  INFO 5172 --- [restartedMain] com.netflix.discovery.DiscoveryClient    : Force full registry fetch : false
2023-08-21 10:59:14.209  INFO 5172 --- [restartedMain] com.netflix.discovery.DiscoveryClient    : Application is null : false
2023-08-21 10:59:14.209  INFO 5172 --- [restartedMain] com.netflix.discovery.DiscoveryClient    : Registered Applications size is zero : true
2023-08-21 10:59:14.209  INFO 5172 --- [restartedMain] com.netflix.discovery.DiscoveryClient    : Application version is -1: true
2023-08-21 10:59:14.209  INFO 5172 --- [restartedMain] com.netflix.discovery.DiscoveryClient    : Getting all instance registry info from the eureka server
2023-08-21 10:59:14.402  INFO 5172 --- [restartedMain] com.netflix.discovery.DiscoveryClient    : The response status is 200
2023-08-21 10:59:14.403  INFO 5172 --- [restartedMain] com.netflix.discovery.DiscoveryClient    : Starting heartbeat executor: renew interval is: 30
2023-08-21 10:59:14.406  INFO 5172 --- [restartedMain] c.n.discovery.InstanceInfoReplicator     : InstanceInfoReplicator onDemand update allowed rate per min is 4
2023-08-21 10:59:14.407  INFO 5172 --- [restartedMain] com.netflix.discovery.DiscoveryClient    : Discovery Client initialized at timestamp 1692595754407 with initial instances count: 2
2023-08-21 10:59:14.412  INFO 5172 --- [restartedMain] o.s.c.n.e.s.EurekaServiceRegistry        : Registering application ADMIN-SERVICE with eureka with status UP
2023-08-21 10:59:14.412  INFO 5172 --- [restartedMain] com.netflix.discovery.DiscoveryClient    : Saw local status change event StatusChangeEvent [timestamp=1692595754412, current=UP, previous=STARTING]
2023-08-21 10:59:14.413  INFO 5172 --- [DiscoveryClient-InstanceInfoReplicator-0] com.netflix.discovery.DiscoveryClient    : DiscoveryClient_ADMIN-SERVICE/admin-service:05f188a14ae1acca970fcc1cdb89dd00: registering service...
2023-08-21 10:59:14.486  INFO 5172 --- [DiscoveryClient-InstanceInfoReplicator-0] com.netflix.discovery.DiscoveryClient    : DiscoveryClient_ADMIN-SERVICE/admin-service:05f188a14ae1acca970fcc1cdb89dd00 - registration status: 204
2023-08-21 10:59:14.947  INFO 5172 --- [restartedMain] org.example.AdminViewApplication         : Started AdminViewApplication in 7.051 seconds (JVM running for 6363.224)
2023-08-21 10:59:14.957  INFO 5172 --- [restartedMain] .ConditionEvaluationDeltaLoggingListener : Condition evaluation unchanged
2023-08-21 10:59:15.600  INFO 5172 --- [registrationTask1] d.c.b.a.c.r.ApplicationRegistrator       : Application registered itself as 8d97c5588686
2023-08-21 10:59:15.725  INFO 5172 --- [http-nio-auto-2-exec-1] o.a.c.c.C.[Tomcat].[localhost].[/]       : Initializing Spring DispatcherServlet 'dispatcherServlet'
2023-08-21 10:59:15.725  INFO 5172 --- [http-nio-auto-2-exec-1] o.s.web.servlet.DispatcherServlet        : Initializing Servlet 'dispatcherServlet'
2023-08-21 10:59:15.729  INFO 5172 --- [http-nio-auto-2-exec-1] o.s.web.servlet.DispatcherServlet        : Completed initialization in 4 ms
2023-08-21 10:59:15.736  INFO 5172 --- [http-nio-auto-2-exec-1] org.mongodb.driver.connection            : Opened connection [connectionId{localValue:6, serverValue:84}] to localhost:27017
2023-08-21 11:00:22.416  WARN 5172 --- [http-nio-auto-2-exec-8] .m.m.a.ExceptionHandlerExceptionResolver : Resolved [org.example.exception.RecordNotFoundException: No results]
2023-08-21 11:00:55.207  WARN 5172 --- [http-nio-auto-2-exec-4] .m.m.a.ExceptionHandlerExceptionResolver : Resolved [org.example.exception.RecordNotFoundException: No results]
2023-08-21 11:04:14.252  INFO 5172 --- [AsyncResolver-bootstrap-executor-0] c.n.d.s.r.aws.ConfigClusterResolver      : Resolving eureka endpoints via configuration
2023-08-21 11:07:45.129  WARN 5172 --- [http-nio-auto-2-exec-5] .m.m.a.ExceptionHandlerExceptionResolver : Resolved [org.example.exception.RecordNotFoundException: No results]
2023-08-21 11:07:49.642  WARN 5172 --- [http-nio-auto-2-exec-6] .m.m.a.ExceptionHandlerExceptionResolver : Resolved [org.example.exception.RecordNotFoundException: No results]
2023-08-21 11:07:53.956  WARN 5172 --- [http-nio-auto-2-exec-8] .m.m.a.ExceptionHandlerExceptionResolver : Resolved [org.example.exception.RecordNotFoundException: No results]
2023-08-21 11:09:14.274  INFO 5172 --- [AsyncResolver-bootstrap-executor-0] c.n.d.s.r.aws.ConfigClusterResolver      : Resolving eureka endpoints via configuration
2023-08-21 11:10:14.090  WARN 5172 --- [http-nio-auto-2-exec-1] .m.m.a.ExceptionHandlerExceptionResolver : Resolved [org.example.exception.RecordNotFoundException: No results]
2023-08-21 11:10:15.513  WARN 5172 --- [http-nio-auto-2-exec-10] .m.m.a.ExceptionHandlerExceptionResolver : Resolved [org.example.exception.RecordNotFoundException: No results]
2023-08-21 11:10:19.952  WARN 5172 --- [http-nio-auto-2-exec-4] .m.m.a.ExceptionHandlerExceptionResolver : Resolved [org.example.exception.RecordNotFoundException: No results]
2023-08-21 11:12:07.794  WARN 5172 --- [http-nio-auto-2-exec-5] .m.m.a.ExceptionHandlerExceptionResolver : Resolved [org.example.exception.RecordNotFoundException: No results]
2023-08-21 11:12:57.054  WARN 5172 --- [http-nio-auto-2-exec-9] .m.m.a.ExceptionHandlerExceptionResolver : Resolved [org.example.exception.RecordNotFoundException: No results]
2023-08-21 11:13:08.895  WARN 5172 --- [http-nio-auto-2-exec-5] .m.m.a.ExceptionHandlerExceptionResolver : Resolved [org.example.exception.RecordNotFoundException: No results]
2023-08-21 11:13:10.157  WARN 5172 --- [http-nio-auto-2-exec-6] .m.m.a.ExceptionHandlerExceptionResolver : Resolved [org.example.exception.RecordNotFoundException: No results]
2023-08-21 11:14:14.282  INFO 5172 --- [AsyncResolver-bootstrap-executor-0] c.n.d.s.r.aws.ConfigClusterResolver      : Resolving eureka endpoints via configuration
2023-08-21 11:19:14.296  INFO 5172 --- [AsyncResolver-bootstrap-executor-0] c.n.d.s.r.aws.ConfigClusterResolver      : Resolving eureka endpoints via configuration
2023-08-21 11:24:14.299  INFO 5172 --- [AsyncResolver-bootstrap-executor-0] c.n.d.s.r.aws.ConfigClusterResolver      : Resolving eureka endpoints via configuration
2023-08-21 11:29:14.384  INFO 5172 --- [AsyncResolver-bootstrap-executor-0] c.n.d.s.r.aws.ConfigClusterResolver      : Resolving eureka endpoints via configuration
2023-08-21 11:34:14.400  INFO 5172 --- [AsyncResolver-bootstrap-executor-0] c.n.d.s.r.aws.ConfigClusterResolver      : Resolving eureka endpoints via configuration
2023-08-21 11:39:14.415  INFO 5172 --- [AsyncResolver-bootstrap-executor-0] c.n.d.s.r.aws.ConfigClusterResolver      : Resolving eureka endpoints via configuration
2023-08-21 11:44:14.419  INFO 5172 --- [AsyncResolver-bootstrap-executor-0] c.n.d.s.r.aws.ConfigClusterResolver      : Resolving eureka endpoints via configuration
2023-08-21 11:49:14.431  INFO 5172 --- [AsyncResolver-bootstrap-executor-0] c.n.d.s.r.aws.ConfigClusterResolver      : Resolving eureka endpoints via configuration
2023-08-21 11:54:14.444  INFO 5172 --- [AsyncResolver-bootstrap-executor-0] c.n.d.s.r.aws.ConfigClusterResolver      : Resolving eureka endpoints via configuration
2023-08-21 11:59:14.471  INFO 5172 --- [AsyncResolver-bootstrap-executor-0] c.n.d.s.r.aws.ConfigClusterResolver      : Resolving eureka endpoints via configuration
2023-08-21 12:03:52.508  WARN 5172 --- [RMI TCP Connection(194)-127.0.0.1] javax.management.remote.misc             : The server has decided to close this client connection.
2023-08-21 12:04:14.477  INFO 5172 --- [AsyncResolver-bootstrap-executor-0] c.n.d.s.r.aws.ConfigClusterResolver      : Resolving eureka endpoints via configuration
2023-08-21 12:09:14.492  INFO 5172 --- [AsyncResolver-bootstrap-executor-0] c.n.d.s.r.aws.ConfigClusterResolver      : Resolving eureka endpoints via configuration
2023-08-21 12:14:14.496  INFO 5172 --- [AsyncResolver-bootstrap-executor-0] c.n.d.s.r.aws.ConfigClusterResolver      : Resolving eureka endpoints via configuration
2023-08-21 12:14:33.520  INFO 5172 --- [RMI TCP Connection(210)-127.0.0.1] inMXBeanRegistrar$SpringApplicationAdmin : Application shutdown requested.
2023-08-21 12:14:34.562  INFO 5172 --- [RMI TCP Connection(210)-127.0.0.1] o.s.c.n.e.s.EurekaServiceRegistry        : Unregistering application ADMIN-SERVICE with eureka with status DOWN
2023-08-21 12:14:34.575  INFO 5172 --- [RMI TCP Connection(210)-127.0.0.1] com.netflix.discovery.DiscoveryClient    : Saw local status change event StatusChangeEvent [timestamp=1692600274575, current=DOWN, previous=UP]
2023-08-21 12:14:34.633  INFO 5172 --- [DiscoveryClient-InstanceInfoReplicator-0] com.netflix.discovery.DiscoveryClient    : DiscoveryClient_ADMIN-SERVICE/admin-service:05f188a14ae1acca970fcc1cdb89dd00: registering service...
2023-08-21 12:14:34.882  INFO 5172 --- [DiscoveryClient-InstanceInfoReplicator-0] com.netflix.discovery.DiscoveryClient    : DiscoveryClient_ADMIN-SERVICE/admin-service:05f188a14ae1acca970fcc1cdb89dd00 - registration status: 204
2023-08-21 12:14:36.282  INFO 5172 --- [RMI TCP Connection(210)-127.0.0.1] o.apache.catalina.core.StandardService   : Stopping service [Tomcat]
2023-08-21 12:14:36.382  INFO 5172 --- [RMI TCP Connection(210)-127.0.0.1] o.a.c.c.C.[Tomcat].[localhost].[/]       : Destroying Spring FrameworkServlet 'dispatcherServlet'
2023-08-21 12:14:37.781  INFO 5172 --- [RMI TCP Connection(210)-127.0.0.1] j.LocalContainerEntityManagerFactoryBean : Closing JPA EntityManagerFactory for persistence unit 'default'
2023-08-21 12:14:38.288  INFO 5172 --- [RMI TCP Connection(210)-127.0.0.1] com.zaxxer.hikari.HikariDataSource       : HikariPool-2 - Shutdown initiated...
2023-08-21 12:14:38.636  INFO 5172 --- [RMI TCP Connection(210)-127.0.0.1] com.zaxxer.hikari.HikariDataSource       : HikariPool-2 - Shutdown completed.
2023-08-21 12:14:38.642  INFO 5172 --- [RMI TCP Connection(210)-127.0.0.1] com.netflix.discovery.DiscoveryClient    : Shutting down DiscoveryClient ...
2023-08-21 12:14:41.740  INFO 5172 --- [RMI TCP Connection(210)-127.0.0.1] com.netflix.discovery.DiscoveryClient    : Unregistering ...
2023-08-21 12:14:41.743  INFO 5172 --- [RMI TCP Connection(210)-127.0.0.1] com.netflix.discovery.DiscoveryClient    : DiscoveryClient_ADMIN-SERVICE/admin-service:05f188a14ae1acca970fcc1cdb89dd00 - deregister  status: 200
2023-08-21 12:14:42.237  INFO 5172 --- [RMI TCP Connection(210)-127.0.0.1] com.netflix.discovery.DiscoveryClient    : Completed shut down of DiscoveryClient
2023-08-21 12:37:14.044  INFO 23276 --- [restartedMain] org.example.AdminViewApplication         : Starting AdminViewApplication using Java 14.0.2 on DESKTOP-L8UET0S with PID 23276 (C:\Users\Debanjan\eclipse-workspace\admin-view\target\classes started by Debanjan in C:\Users\Debanjan\eclipse-workspace\admin-view)
2023-08-21 12:37:14.046  INFO 23276 --- [restartedMain] org.example.AdminViewApplication         : No active profile set, falling back to 1 default profile: "default"
2023-08-21 12:37:14.092  INFO 23276 --- [restartedMain] .e.DevToolsPropertyDefaultsPostProcessor : Devtools property defaults active! Set 'spring.devtools.add-properties' to 'false' to disable
2023-08-21 12:37:14.093  INFO 23276 --- [restartedMain] .e.DevToolsPropertyDefaultsPostProcessor : For additional web related logging consider setting the 'logging.level.web' property to 'DEBUG'
2023-08-21 12:37:16.332  INFO 23276 --- [restartedMain] .s.d.r.c.RepositoryConfigurationDelegate : Multiple Spring Data modules found, entering strict repository configuration mode
2023-08-21 12:37:16.335  INFO 23276 --- [restartedMain] .s.d.r.c.RepositoryConfigurationDelegate : Bootstrapping Spring Data JPA repositories in DEFAULT mode.
2023-08-21 12:37:16.512  INFO 23276 --- [restartedMain] .RepositoryConfigurationExtensionSupport : Spring Data JPA - Could not safely identify store assignment for repository candidate interface org.example.mongoRepo.ProjectDescStakeRepository; If you want this repository to be a JPA repository, consider annotating your entities with one of these annotations: javax.persistence.Entity, javax.persistence.MappedSuperclass (preferred), or consider extending one of the following types with your repository: org.springframework.data.jpa.repository.JpaRepository
2023-08-21 12:37:16.532  INFO 23276 --- [restartedMain] .s.d.r.c.RepositoryConfigurationDelegate : Finished Spring Data repository scanning in 186 ms. Found 5 JPA repository interfaces.
2023-08-21 12:37:16.542  INFO 23276 --- [restartedMain] .s.d.r.c.RepositoryConfigurationDelegate : Multiple Spring Data modules found, entering strict repository configuration mode
2023-08-21 12:37:16.542  INFO 23276 --- [restartedMain] .s.d.r.c.RepositoryConfigurationDelegate : Bootstrapping Spring Data MongoDB repositories in DEFAULT mode.
2023-08-21 12:37:16.549  INFO 23276 --- [restartedMain] .RepositoryConfigurationExtensionSupport : Spring Data MongoDB - Could not safely identify store assignment for repository candidate interface org.example.jpaRepo.EmployeeRepository; If you want this repository to be a MongoDB repository, consider annotating your entities with one of these annotations: org.springframework.data.mongodb.core.mapping.Document (preferred), or consider extending one of the following types with your repository: org.springframework.data.mongodb.repository.MongoRepository
2023-08-21 12:37:16.551  INFO 23276 --- [restartedMain] .RepositoryConfigurationExtensionSupport : Spring Data MongoDB - Could not safely identify store assignment for repository candidate interface org.example.jpaRepo.ProjectMemberRepository; If you want this repository to be a MongoDB repository, consider annotating your entities with one of these annotations: org.springframework.data.mongodb.core.mapping.Document (preferred), or consider extending one of the following types with your repository: org.springframework.data.mongodb.repository.MongoRepository
2023-08-21 12:37:16.552  INFO 23276 --- [restartedMain] .RepositoryConfigurationExtensionSupport : Spring Data MongoDB - Could not safely identify store assignment for repository candidate interface org.example.jpaRepo.ProjectRepository; If you want this repository to be a MongoDB repository, consider annotating your entities with one of these annotations: org.springframework.data.mongodb.core.mapping.Document (preferred), or consider extending one of the following types with your repository: org.springframework.data.mongodb.repository.MongoRepository
2023-08-21 12:37:16.552  INFO 23276 --- [restartedMain] .RepositoryConfigurationExtensionSupport : Spring Data MongoDB - Could not safely identify store assignment for repository candidate interface org.example.jpaRepo.SubTaskRepository; If you want this repository to be a MongoDB repository, consider annotating your entities with one of these annotations: org.springframework.data.mongodb.core.mapping.Document (preferred), or consider extending one of the following types with your repository: org.springframework.data.mongodb.repository.MongoRepository
2023-08-21 12:37:16.552  INFO 23276 --- [restartedMain] .RepositoryConfigurationExtensionSupport : Spring Data MongoDB - Could not safely identify store assignment for repository candidate interface org.example.jpaRepo.TaskRepository; If you want this repository to be a MongoDB repository, consider annotating your entities with one of these annotations: org.springframework.data.mongodb.core.mapping.Document (preferred), or consider extending one of the following types with your repository: org.springframework.data.mongodb.repository.MongoRepository
2023-08-21 12:37:16.557  INFO 23276 --- [restartedMain] .s.d.r.c.RepositoryConfigurationDelegate : Finished Spring Data repository scanning in 14 ms. Found 1 MongoDB repository interfaces.
2023-08-21 12:37:16.832  INFO 23276 --- [restartedMain] o.s.cloud.context.scope.GenericScope     : BeanFactory id=8a356a3a-d0ee-3079-b4b0-907b21828b6b
2023-08-21 12:37:17.691  INFO 23276 --- [restartedMain] o.s.b.w.embedded.tomcat.TomcatWebServer  : Tomcat initialized with port(s): 0 (http)
2023-08-21 12:37:17.700  INFO 23276 --- [restartedMain] o.apache.catalina.core.StandardService   : Starting service [Tomcat]
2023-08-21 12:37:17.701  INFO 23276 --- [restartedMain] org.apache.catalina.core.StandardEngine  : Starting Servlet engine: [Apache Tomcat/9.0.78]
2023-08-21 12:37:18.030  INFO 23276 --- [restartedMain] o.a.c.c.C.[Tomcat].[localhost].[/]       : Initializing Spring embedded WebApplicationContext
2023-08-21 12:37:18.030  INFO 23276 --- [restartedMain] w.s.c.ServletWebServerApplicationContext : Root WebApplicationContext: initialization completed in 3936 ms
2023-08-21 12:37:18.321  INFO 23276 --- [restartedMain] o.hibernate.jpa.internal.util.LogHelper  : HHH000204: Processing PersistenceUnitInfo [name: default]
2023-08-21 12:37:18.393  INFO 23276 --- [restartedMain] org.hibernate.Version                    : HHH000412: Hibernate ORM core version 5.6.15.Final
2023-08-21 12:37:18.585  INFO 23276 --- [restartedMain] o.hibernate.annotations.common.Version   : HCANN000001: Hibernate Commons Annotations {5.1.2.Final}
2023-08-21 12:37:18.699  INFO 23276 --- [restartedMain] com.zaxxer.hikari.HikariDataSource       : HikariPool-1 - Starting...
2023-08-21 12:37:24.432  INFO 23276 --- [restartedMain] com.zaxxer.hikari.HikariDataSource       : HikariPool-1 - Start completed.
2023-08-21 12:37:24.466  INFO 23276 --- [restartedMain] org.hibernate.dialect.Dialect            : HHH000400: Using dialect: org.hibernate.dialect.MySQL8Dialect
2023-08-21 12:37:27.670  INFO 23276 --- [restartedMain] o.h.e.t.j.p.i.JtaPlatformInitiator       : HHH000490: Using JtaPlatform implementation: [org.hibernate.engine.transaction.jta.platform.internal.NoJtaPlatform]
2023-08-21 12:37:27.688  INFO 23276 --- [restartedMain] j.LocalContainerEntityManagerFactoryBean : Initialized JPA EntityManagerFactory for persistence unit 'default'
2023-08-21 12:37:28.340  INFO 23276 --- [restartedMain] org.mongodb.driver.client                : MongoClient with metadata {"driver": {"name": "mongo-java-driver|sync|spring-boot", "version": "4.6.1"}, "os": {"type": "Windows", "name": "Windows 10", "architecture": "amd64", "version": "10.0"}, "platform": "Java/Oracle Corporation/14.0.2+12-46"} created with settings MongoClientSettings{readPreference=primary, writeConcern=WriteConcern{w=null, wTimeout=null ms, journal=null}, retryWrites=true, retryReads=true, readConcern=ReadConcern{level=null}, credential=null, streamFactoryFactory=null, commandListeners=[io.micrometer.core.instrument.binder.mongodb.MongoMetricsCommandListener@645f67e2], codecRegistry=ProvidersCodecRegistry{codecProviders=[ValueCodecProvider{}, BsonValueCodecProvider{}, DBRefCodecProvider{}, DBObjectCodecProvider{}, DocumentCodecProvider{}, IterableCodecProvider{}, MapCodecProvider{}, GeoJsonCodecProvider{}, GridFSFileCodecProvider{}, Jsr310CodecProvider{}, JsonObjectCodecProvider{}, BsonCodecProvider{}, EnumCodecProvider{}, com.mongodb.Jep395RecordCodecProvider@22b59ea8]}, clusterSettings={hosts=[localhost:27017], srvServiceName=mongodb, mode=SINGLE, requiredClusterType=UNKNOWN, requiredReplicaSetName='null', serverSelector='null', clusterListeners='[]', serverSelectionTimeout='30000 ms', localThreshold='30000 ms'}, socketSettings=SocketSettings{connectTimeoutMS=10000, readTimeoutMS=0, receiveBufferSize=0, sendBufferSize=0}, heartbeatSocketSettings=SocketSettings{connectTimeoutMS=10000, readTimeoutMS=10000, receiveBufferSize=0, sendBufferSize=0}, connectionPoolSettings=ConnectionPoolSettings{maxSize=100, minSize=0, maxWaitTimeMS=120000, maxConnectionLifeTimeMS=0, maxConnectionIdleTimeMS=0, maintenanceInitialDelayMS=0, maintenanceFrequencyMS=60000, connectionPoolListeners=[io.micrometer.core.instrument.binder.mongodb.MongoMetricsConnectionPoolListener@19e0dc5d], maxConnecting=2}, serverSettings=ServerSettings{heartbeatFrequencyMS=10000, minHeartbeatFrequencyMS=500, serverListeners='[]', serverMonitorListeners='[]'}, sslSettings=SslSettings{enabled=false, invalidHostNameAllowed=false, context=null}, applicationName='null', compressorList=[], uuidRepresentation=JAVA_LEGACY, serverApi=null, autoEncryptionSettings=null, contextProvider=null}
2023-08-21 12:37:28.412  WARN 23276 --- [restartedMain] o.s.data.convert.CustomConversions       : Registering converter from class java.time.LocalDateTime to class org.joda.time.LocalDateTime as reading converter although it doesn't convert from a store-supported type; You might want to check your annotation setup at the converter implementation
2023-08-21 12:37:28.470  WARN 23276 --- [restartedMain] o.s.b.d.a.OptionalLiveReloadServer       : Unable to start LiveReload server
2023-08-21 12:37:28.514  WARN 23276 --- [restartedMain] o.s.data.convert.CustomConversions       : Registering converter from class java.time.LocalDateTime to class org.joda.time.LocalDateTime as reading converter although it doesn't convert from a store-supported type; You might want to check your annotation setup at the converter implementation
2023-08-21 12:37:28.584  INFO 23276 --- [cluster-ClusterId{value='64e30d30a4b3f2002e4ec199', description='null'}-localhost:27017] org.mongodb.driver.connection            : Opened connection [connectionId{localValue:1, serverValue:102}] to localhost:27017
2023-08-21 12:37:28.586  INFO 23276 --- [cluster-ClusterId{value='64e30d30a4b3f2002e4ec199', description='null'}-localhost:27017] org.mongodb.driver.cluster               : Monitor thread successfully connected to server with description ServerDescription{address=localhost:27017, type=STANDALONE, state=CONNECTED, ok=true, minWireVersion=0, maxWireVersion=17, maxDocumentSize=16777216, logicalSessionTimeoutMinutes=30, roundTripTimeNanos=252126200}
2023-08-21 12:37:28.592  INFO 23276 --- [cluster-rtt-ClusterId{value='64e30d30a4b3f2002e4ec199', description='null'}-localhost:27017] org.mongodb.driver.connection            : Opened connection [connectionId{localValue:2, serverValue:101}] to localhost:27017
2023-08-21 12:37:29.962  INFO 23276 --- [restartedMain] DiscoveryClientOptionalArgsConfiguration : Eureka HTTP Client uses RestTemplate.
2023-08-21 12:37:30.020  WARN 23276 --- [restartedMain] iguration$LoadBalancerCaffeineWarnLogger : Spring Cloud LoadBalancer is currently working with the default cache. While this cache implementation is useful for development and tests, it's recommended to use Caffeine cache in production.You can switch to using Caffeine cache, by adding it and org.springframework.cache.caffeine.CaffeineCacheManager to the classpath.
2023-08-21 12:37:30.026  INFO 23276 --- [restartedMain] o.s.b.a.e.web.EndpointLinksResolver      : Exposing 17 endpoint(s) beneath base path '/actuator'
2023-08-21 12:37:30.126  INFO 23276 --- [restartedMain] o.s.b.w.embedded.tomcat.TomcatWebServer  : Tomcat started on port(s): 56499 (http) with context path ''
2023-08-21 12:37:30.127  INFO 23276 --- [restartedMain] .s.c.n.e.s.EurekaAutoServiceRegistration : Updating port to 56499
2023-08-21 12:37:30.131  INFO 23276 --- [restartedMain] o.s.c.n.eureka.InstanceInfoFactory       : Setting initial instance status as: STARTING
2023-08-21 12:37:30.170  INFO 23276 --- [restartedMain] com.netflix.discovery.DiscoveryClient    : Initializing Eureka in region us-east-1
2023-08-21 12:37:30.176  INFO 23276 --- [restartedMain] c.n.d.s.r.aws.ConfigClusterResolver      : Resolving eureka endpoints via configuration
2023-08-21 12:37:30.210  INFO 23276 --- [restartedMain] com.netflix.discovery.DiscoveryClient    : Disable delta property : false
2023-08-21 12:37:30.210  INFO 23276 --- [restartedMain] com.netflix.discovery.DiscoveryClient    : Single vip registry refresh property : null
2023-08-21 12:37:30.210  INFO 23276 --- [restartedMain] com.netflix.discovery.DiscoveryClient    : Force full registry fetch : false
2023-08-21 12:37:30.210  INFO 23276 --- [restartedMain] com.netflix.discovery.DiscoveryClient    : Application is null : false
2023-08-21 12:37:30.210  INFO 23276 --- [restartedMain] com.netflix.discovery.DiscoveryClient    : Registered Applications size is zero : true
2023-08-21 12:37:30.210  INFO 23276 --- [restartedMain] com.netflix.discovery.DiscoveryClient    : Application version is -1: true
2023-08-21 12:37:30.210  INFO 23276 --- [restartedMain] com.netflix.discovery.DiscoveryClient    : Getting all instance registry info from the eureka server
2023-08-21 12:37:30.427  INFO 23276 --- [restartedMain] com.netflix.discovery.DiscoveryClient    : The response status is 200
2023-08-21 12:37:30.431  INFO 23276 --- [restartedMain] com.netflix.discovery.DiscoveryClient    : Starting heartbeat executor: renew interval is: 30
2023-08-21 12:37:30.433  INFO 23276 --- [restartedMain] c.n.discovery.InstanceInfoReplicator     : InstanceInfoReplicator onDemand update allowed rate per min is 4
2023-08-21 12:37:30.438  INFO 23276 --- [restartedMain] com.netflix.discovery.DiscoveryClient    : Discovery Client initialized at timestamp 1692601650437 with initial instances count: 1
2023-08-21 12:37:30.440  INFO 23276 --- [restartedMain] o.s.c.n.e.s.EurekaServiceRegistry        : Registering application ADMIN-SERVICE with eureka with status UP
2023-08-21 12:37:30.441  INFO 23276 --- [restartedMain] com.netflix.discovery.DiscoveryClient    : Saw local status change event StatusChangeEvent [timestamp=1692601650441, current=UP, previous=STARTING]
2023-08-21 12:37:30.445  INFO 23276 --- [DiscoveryClient-InstanceInfoReplicator-0] com.netflix.discovery.DiscoveryClient    : DiscoveryClient_ADMIN-SERVICE/admin-service:ba10fb6d67e2c3a8406e940787b459d1: registering service...
2023-08-21 12:37:30.488  INFO 23276 --- [DiscoveryClient-InstanceInfoReplicator-0] com.netflix.discovery.DiscoveryClient    : DiscoveryClient_ADMIN-SERVICE/admin-service:ba10fb6d67e2c3a8406e940787b459d1 - registration status: 204
2023-08-21 12:37:30.655  INFO 23276 --- [restartedMain] org.example.AdminViewApplication         : Started AdminViewApplication in 17.232 seconds (JVM running for 18.124)
2023-08-21 12:37:30.682  INFO 23276 --- [registrationTask1] d.c.b.a.c.r.ApplicationRegistrator       : Application registered itself as cae849e597b6
2023-08-21 12:37:30.732  INFO 23276 --- [http-nio-auto-1-exec-1] o.a.c.c.C.[Tomcat].[localhost].[/]       : Initializing Spring DispatcherServlet 'dispatcherServlet'
2023-08-21 12:37:30.732  INFO 23276 --- [http-nio-auto-1-exec-1] o.s.web.servlet.DispatcherServlet        : Initializing Servlet 'dispatcherServlet'
2023-08-21 12:37:30.734  INFO 23276 --- [http-nio-auto-1-exec-1] o.s.web.servlet.DispatcherServlet        : Completed initialization in 2 ms
2023-08-21 12:37:30.832  INFO 23276 --- [http-nio-auto-1-exec-1] org.mongodb.driver.connection            : Opened connection [connectionId{localValue:3, serverValue:103}] to localhost:27017
2023-08-21 12:42:30.226  INFO 23276 --- [AsyncResolver-bootstrap-executor-0] c.n.d.s.r.aws.ConfigClusterResolver      : Resolving eureka endpoints via configuration
2023-08-21 12:47:30.237  INFO 23276 --- [AsyncResolver-bootstrap-executor-0] c.n.d.s.r.aws.ConfigClusterResolver      : Resolving eureka endpoints via configuration
2023-08-21 12:52:30.239  INFO 23276 --- [AsyncResolver-bootstrap-executor-0] c.n.d.s.r.aws.ConfigClusterResolver      : Resolving eureka endpoints via configuration
2023-08-21 12:57:30.252  INFO 23276 --- [AsyncResolver-bootstrap-executor-0] c.n.d.s.r.aws.ConfigClusterResolver      : Resolving eureka endpoints via configuration
2023-08-21 13:02:30.266  INFO 23276 --- [AsyncResolver-bootstrap-executor-0] c.n.d.s.r.aws.ConfigClusterResolver      : Resolving eureka endpoints via configuration
